<?xml version="1.0" encoding="UTF-8"?>
<testsuite xmlns:xsi="http://www.w3.org/2001/XMLSchema-instance" xsi:noNamespaceSchemaLocation="https://maven.apache.org/surefire/maven-surefire-plugin/xsd/surefire-test-report.xsd" version="3.0.2" name="casabina.management.apartment.ApartmentApplicationTests" time="8.071" tests="1" errors="0" skipped="0" failures="0">
  <properties>
[...]
</properties>
  <testcase name="contextLoads" classname="casabina.management.apartment.ApartmentApplicationTests" time="0.626">
    <system-out><![CDATA[02:04:10.362 [main] INFO org.springframework.test.context.support.AnnotationConfigContextLoaderUtils -- Could not detect default configuration classes for test class [casabina.management.apartment.ApartmentApplicationTests]: ApartmentApplicationTests does not declare any static, non-private, non-final, nested classes annotated with @Configuration.
02:04:10.538 [main] INFO org.springframework.boot.test.context.SpringBootTestContextBootstrapper -- Found @SpringBootConfiguration casabina.management.apartment.ApartmentApplication for test class casabina.management.apartment.ApartmentApplicationTests
02:04:10.815 [main] INFO org.springframework.boot.devtools.restart.RestartApplicationListener -- Restart disabled due to context in which it is running

  .   ____          _            __ _ _
 /\\ / ___'_ __ _ _(_)_ __  __ _ \ \ \ \
( ( )\___ | '_ | '_| | '_ \/ _` | \ \ \ \
 \\/  ___)| |_)| | | | | || (_| |  ) ) ) )
  '  |____| .__|_| |_|_| |_\__, | / / / /
 =========|_|==============|___/=/_/_/_/

 :: Spring Boot ::                (v3.4.3)

2025-03-23T02:04:11.250+01:00  INFO 36300 --- [apartment] [           main] c.m.apartment.ApartmentApplicationTests  : Starting ApartmentApplicationTests using Java 21.0.4 with PID 36300 (started by Emilie in C:\Users\Emilie\OneDrive\apartment\apartment)
2025-03-23T02:04:11.252+01:00  INFO 36300 --- [apartment] [           main] c.m.apartment.ApartmentApplicationTests  : No active profile set, falling back to 1 default profile: "default"
2025-03-23T02:04:12.549+01:00  INFO 36300 --- [apartment] [           main] .s.d.r.c.RepositoryConfigurationDelegate : Bootstrapping Spring Data JPA repositories in DEFAULT mode.
2025-03-23T02:04:12.689+01:00  INFO 36300 --- [apartment] [           main] .s.d.r.c.RepositoryConfigurationDelegate : Finished Spring Data repository scanning in 114 ms. Found 1 JPA repository interface.
2025-03-23T02:04:13.591+01:00  INFO 36300 --- [apartment] [           main] o.hibernate.jpa.internal.util.LogHelper  : HHH000204: Processing PersistenceUnitInfo [name: default]
2025-03-23T02:04:13.787+01:00  INFO 36300 --- [apartment] [           main] org.hibernate.Version                    : HHH000412: Hibernate ORM core version 6.6.8.Final
2025-03-23T02:04:13.865+01:00  INFO 36300 --- [apartment] [           main] o.h.c.internal.RegionFactoryInitiator    : HHH000026: Second-level cache disabled
2025-03-23T02:04:14.365+01:00  INFO 36300 --- [apartment] [           main] o.s.o.j.p.SpringPersistenceUnitInfo      : No LoadTimeWeaver setup: ignoring JPA class transformer
2025-03-23T02:04:14.427+01:00  INFO 36300 --- [apartment] [           main] com.zaxxer.hikari.HikariDataSource       : HikariPool-1 - Starting...
2025-03-23T02:04:14.726+01:00  INFO 36300 --- [apartment] [           main] com.zaxxer.hikari.pool.HikariPool        : HikariPool-1 - Added connection org.postgresql.jdbc.PgConnection@3313463c
2025-03-23T02:04:14.729+01:00  INFO 36300 --- [apartment] [           main] com.zaxxer.hikari.HikariDataSource       : HikariPool-1 - Start completed.
2025-03-23T02:04:14.782+01:00  WARN 36300 --- [apartment] [           main] org.hibernate.orm.deprecation            : HHH90000025: PostgreSQLDialect does not need to be specified explicitly using 'hibernate.dialect' (remove the property setting and it will be selected by default)
2025-03-23T02:04:14.824+01:00  INFO 36300 --- [apartment] [           main] org.hibernate.orm.connections.pooling    : HHH10001005: Database info:
	Database JDBC URL [Connecting through datasource 'HikariDataSource (HikariPool-1)']
	Database driver: undefined/unknown
	Database version: 15.12
	Autocommit mode: undefined/unknown
	Isolation level: undefined/unknown
	Minimum pool size: undefined/unknown
	Maximum pool size: undefined/unknown
2025-03-23T02:04:16.118+01:00  INFO 36300 --- [apartment] [           main] o.h.e.t.j.p.i.JtaPlatformInitiator       : HHH000489: No JTA platform available (set 'hibernate.transaction.jta.platform' to enable JTA platform integration)
2025-03-23T02:04:16.172+01:00  INFO 36300 --- [apartment] [           main] j.LocalContainerEntityManagerFactoryBean : Initialized JPA EntityManagerFactory for persistence unit 'default'
2025-03-23T02:04:16.869+01:00  WARN 36300 --- [apartment] [           main] JpaBaseConfiguration$JpaWebConfiguration : spring.jpa.open-in-view is enabled by default. Therefore, database queries may be performed during view rendering. Explicitly configure spring.jpa.open-in-view to disable this warning
2025-03-23T02:04:17.502+01:00  INFO 36300 --- [apartment] [           main] c.m.apartment.ApartmentApplicationTests  : Started ApartmentApplicationTests in 6.713 seconds (process running for 8.23)
]]></system-out>
    <system-err><![CDATA[Mockito is currently self-attaching to enable the inline-mock-maker. This will no longer work in future releases of the JDK. Please add Mockito as an agent to your build what is described in Mockito's documentation: https://javadoc.io/doc/org.mockito/mockito-core/latest/org/mockito/Mockito.html#0.3
WARNING: A Java agent has been loaded dynamically (C:\Users\Emilie\.m2\repository\net\bytebuddy\byte-buddy-agent\1.15.11\byte-buddy-agent-1.15.11.jar)
WARNING: If a serviceability tool is in use, please run with -XX:+EnableDynamicAgentLoading to hide this warning
WARNING: If a serviceability tool is not in use, please run with -Djdk.instrument.traceUsage for more information
WARNING: Dynamic loading of agents will be disallowed by default in a future release
]]></system-err>
  </testcase>
</testsuite>